<?xml version="1.0" encoding="UTF-8"?>
<testsuite xmlns:xsi="http://www.w3.org/2001/XMLSchema-instance" xsi:noNamespaceSchemaLocation="https://maven.apache.org/surefire/maven-surefire-plugin/xsd/surefire-test-report.xsd" name="RadioTest" time="0.072" tests="18" errors="0" skipped="0" failures="0">
  <properties>
[...]
</properties>
  <testcase name="volumeNextLimitValues2" classname="RadioTest" time="0.033"/>
  <testcase name="volumeNextLimitValues3" classname="RadioTest" time="0.002"/>
  <testcase name="volumeNextLimitValues4" classname="RadioTest" time="0"/>
  <testcase name="radioEquivalentValues" classname="RadioTest" time="0.001"/>
  <testcase name="radioLimitValues" classname="RadioTest" time="0.001"/>
  <testcase name="volumeNextLimitValues" classname="RadioTest" time="0"/>
  <testcase name="volumeSetLimitValues" classname="RadioTest" time="0"/>
  <testcase name="radioEquivalentValues2" classname="RadioTest" time="0"/>
  <testcase name="radioNextLimitValues2" classname="RadioTest" time="0"/>
  <testcase name="radioNextLimitValues3" classname="RadioTest" time="0"/>
  <testcase name="radioNextLimitValues4" classname="RadioTest" time="0"/>
  <testcase name="volumeSetLimitValues2" classname="RadioTest" time="0.001"/>
  <testcase name="radioNextLimitValues" classname="RadioTest" time="0.001"/>
  <testcase name="radioLimitValues2" classname="RadioTest" time="0"/>
  <testcase name="radioLimitValues3" classname="RadioTest" time="0"/>
  <testcase name="radioLimitValues4" classname="RadioTest" time="0"/>
  <testcase name="radioLimitValues5" classname="RadioTest" time="0.001"/>
  <testcase name="radioLimitValues6" classname="RadioTest" time="0"/>
</testsuite>